[2024-08-16 17:38:39.0971][Relay][Info] Relay Application 
[2024-08-16 17:38:39.1753][RagonServer][Info] Server Version: 1.4.1 
[2024-08-16 17:38:39.1753][RagonServer][Info] Machine Name: KIMSANBAEV-K2 
[2024-08-16 17:38:39.1753][RagonServer][Info] OS: Microsoft Windows NT 10.0.19043.0 
[2024-08-16 17:38:39.1753][RagonServer][Info] Processors: 16 
[2024-08-16 17:38:39.1753][RagonServer][Info] Runtime Version: 8.0.8 
[2024-08-16 17:38:39.1753][RagonServer][Info] Server Tick Rate: 30 
[2024-08-16 17:38:54.8021][Relay][Info] Relay Application 
[2024-08-16 17:38:54.8801][RagonServer][Info] Server Version: 1.4.1 
[2024-08-16 17:38:54.8801][RagonServer][Info] Machine Name: KIMSANBAEV-K2 
[2024-08-16 17:38:54.8801][RagonServer][Info] OS: Microsoft Windows NT 10.0.19043.0 
[2024-08-16 17:38:54.8801][RagonServer][Info] Processors: 16 
[2024-08-16 17:38:54.8801][RagonServer][Info] Runtime Version: 8.0.8 
[2024-08-16 17:38:54.8801][RagonServer][Info] Server Tick Rate: 30 
[2024-08-16 17:39:08.9634][Relay][Info] Relay Application 
[2024-08-16 17:39:09.0351][RagonServer][Info] Server Version: 1.4.1 
[2024-08-16 17:39:09.0351][RagonServer][Info] Machine Name: KIMSANBAEV-K2 
[2024-08-16 17:39:09.0351][RagonServer][Info] OS: Microsoft Windows NT 10.0.19043.0 
[2024-08-16 17:39:09.0351][RagonServer][Info] Processors: 16 
[2024-08-16 17:39:09.0351][RagonServer][Info] Runtime Version: 8.0.8 
[2024-08-16 17:39:09.0351][RagonServer][Info] Server Tick Rate: 30 
[2024-08-16 17:39:09.0559][ENetServer][Info] Listen at *:5000 
[2024-08-16 17:39:09.0559][ENetServer][Info] Protocol: 1.0.0 
[2024-08-16 17:39:52.1100][Relay][Info] Relay Application 
[2024-08-16 17:39:52.1837][RagonServer][Info] Server Version: 1.4.1 
[2024-08-16 17:39:52.1837][RagonServer][Info] Machine Name: KIMSANBAEV-K2 
[2024-08-16 17:39:52.1837][RagonServer][Info] OS: Microsoft Windows NT 10.0.19043.0 
[2024-08-16 17:39:52.1837][RagonServer][Info] Processors: 16 
[2024-08-16 17:39:52.1837][RagonServer][Info] Runtime Version: 8.0.8 
[2024-08-16 17:39:52.1837][RagonServer][Info] Server Tick Rate: 30 
[2024-08-16 17:39:55.5982][Relay][Info] Relay Application 
[2024-08-16 17:39:55.6716][RagonServer][Info] Server Version: 1.4.1 
[2024-08-16 17:39:55.6716][RagonServer][Info] Machine Name: KIMSANBAEV-K2 
[2024-08-16 17:39:55.6716][RagonServer][Info] OS: Microsoft Windows NT 10.0.19043.0 
[2024-08-16 17:39:55.6716][RagonServer][Info] Processors: 16 
[2024-08-16 17:39:55.6716][RagonServer][Info] Runtime Version: 8.0.8 
[2024-08-16 17:39:55.6716][RagonServer][Info] Server Tick Rate: 30 
[2024-08-16 17:40:01.9705][Relay][Info] Relay Application 
[2024-08-16 17:40:02.0436][RagonServer][Info] Server Version: 1.4.1 
[2024-08-16 17:40:02.0436][RagonServer][Info] Machine Name: KIMSANBAEV-K2 
[2024-08-16 17:40:02.0436][RagonServer][Info] OS: Microsoft Windows NT 10.0.19043.0 
[2024-08-16 17:40:02.0436][RagonServer][Info] Processors: 16 
[2024-08-16 17:40:02.0436][RagonServer][Info] Runtime Version: 8.0.8 
[2024-08-16 17:40:02.0436][RagonServer][Info] Server Tick Rate: 30 
[2024-08-16 17:40:28.9736][Relay][Info] Relay Application 
[2024-08-16 17:40:29.0463][RagonServer][Info] Server Version: 1.4.1 
[2024-08-16 17:40:29.0463][RagonServer][Info] Machine Name: KIMSANBAEV-K2 
[2024-08-16 17:40:29.0463][RagonServer][Info] OS: Microsoft Windows NT 10.0.19043.0 
[2024-08-16 17:40:29.0463][RagonServer][Info] Processors: 16 
[2024-08-16 17:40:29.0463][RagonServer][Info] Runtime Version: 8.0.8 
[2024-08-16 17:40:29.0463][RagonServer][Info] Server Tick Rate: 30 
[2024-08-16 17:41:31.6799][Relay][Info] Relay Application 
[2024-08-16 17:41:31.7518][RagonServer][Info] Server Version: 1.4.1 
[2024-08-16 17:41:31.7518][RagonServer][Info] Machine Name: KIMSANBAEV-K2 
[2024-08-16 17:41:31.7532][RagonServer][Info] OS: Microsoft Windows NT 10.0.19043.0 
[2024-08-16 17:41:31.7532][RagonServer][Info] Processors: 16 
[2024-08-16 17:41:31.7532][RagonServer][Info] Runtime Version: 8.0.8 
[2024-08-16 17:41:31.7532][RagonServer][Info] Server Tick Rate: 30 
[2024-08-16 17:41:31.7532][ENetServer][Info] Listen at *:5000 
[2024-08-16 17:41:31.7532][ENetServer][Info] Protocol: 1.0.0 
[2024-08-16 17:49:22.4022][Relay][Info] Relay Application 
[2024-08-16 17:49:22.4740][RagonServer][Info] Server Version: 1.4.1 
[2024-08-16 17:49:22.4740][RagonServer][Info] Machine Name: KIMSANBAEV-K2 
[2024-08-16 17:49:22.4740][RagonServer][Info] OS: Microsoft Windows NT 10.0.19043.0 
[2024-08-16 17:49:22.4740][RagonServer][Info] Processors: 16 
[2024-08-16 17:49:22.4740][RagonServer][Info] Runtime Version: 8.0.8 
[2024-08-16 17:49:22.4740][RagonServer][Info] Server Tick Rate: 30 
[2024-08-16 17:49:22.4740][ENetServer][Info] Listen at *:5000 
[2024-08-16 17:49:22.4740][ENetServer][Info] Protocol: 1.0.0 
[2024-08-16 17:49:44.9608][Relay][Info] Relay Application 
[2024-08-16 17:49:45.0475][RagonServer][Info] Server Version: 1.4.1 
[2024-08-16 17:49:45.0475][RagonServer][Info] Machine Name: KIMSANBAEV-K2 
[2024-08-16 17:49:45.0475][RagonServer][Info] OS: Microsoft Windows NT 10.0.19043.0 
[2024-08-16 17:49:45.0475][RagonServer][Info] Processors: 16 
[2024-08-16 17:49:45.0475][RagonServer][Info] Runtime Version: 8.0.8 
[2024-08-16 17:49:45.0475][RagonServer][Info] Server Tick Rate: 30 
[2024-08-16 17:49:48.8158][Relay][Info] Relay Application 
[2024-08-16 17:49:48.8936][RagonServer][Info] Server Version: 1.4.1 
[2024-08-16 17:49:48.8936][RagonServer][Info] Machine Name: KIMSANBAEV-K2 
[2024-08-16 17:49:48.8950][RagonServer][Info] OS: Microsoft Windows NT 10.0.19043.0 
[2024-08-16 17:49:48.8950][RagonServer][Info] Processors: 16 
[2024-08-16 17:49:48.8950][RagonServer][Info] Runtime Version: 8.0.8 
[2024-08-16 17:49:48.8950][RagonServer][Info] Server Tick Rate: 30 
[2024-08-16 17:54:54.6180][Relay][Info] Relay Application 
[2024-08-16 17:54:54.6904][RagonServer][Info] Server Version: 1.4.1 
[2024-08-16 17:54:54.6904][RagonServer][Info] Machine Name: KIMSANBAEV-K2 
[2024-08-16 17:54:54.6904][RagonServer][Info] OS: Microsoft Windows NT 10.0.19043.0 
[2024-08-16 17:54:54.6904][RagonServer][Info] Processors: 16 
[2024-08-16 17:54:54.6904][RagonServer][Info] Runtime Version: 8.0.8 
[2024-08-16 17:54:54.6904][RagonServer][Info] Server Tick Rate: 30 
[2024-08-16 17:54:57.5648][Relay][Info] Relay Application 
[2024-08-16 17:54:57.6371][RagonServer][Info] Server Version: 1.4.1 
[2024-08-16 17:54:57.6371][RagonServer][Info] Machine Name: KIMSANBAEV-K2 
[2024-08-16 17:54:57.6371][RagonServer][Info] OS: Microsoft Windows NT 10.0.19043.0 
[2024-08-16 17:54:57.6371][RagonServer][Info] Processors: 16 
[2024-08-16 17:54:57.6371][RagonServer][Info] Runtime Version: 8.0.8 
[2024-08-16 17:54:57.6371][RagonServer][Info] Server Tick Rate: 30 
[2024-08-16 17:55:00.3426][Relay][Info] Relay Application 
[2024-08-16 17:55:00.4150][RagonServer][Info] Server Version: 1.4.1 
[2024-08-16 17:55:00.4150][RagonServer][Info] Machine Name: KIMSANBAEV-K2 
[2024-08-16 17:55:00.4163][RagonServer][Info] OS: Microsoft Windows NT 10.0.19043.0 
[2024-08-16 17:55:00.4163][RagonServer][Info] Processors: 16 
[2024-08-16 17:55:00.4163][RagonServer][Info] Runtime Version: 8.0.8 
[2024-08-16 17:55:00.4163][RagonServer][Info] Server Tick Rate: 30 
[2024-08-16 17:55:02.9416][Relay][Info] Relay Application 
[2024-08-16 17:55:03.0141][RagonServer][Info] Server Version: 1.4.1 
[2024-08-16 17:55:03.0141][RagonServer][Info] Machine Name: KIMSANBAEV-K2 
[2024-08-16 17:55:03.0141][RagonServer][Info] OS: Microsoft Windows NT 10.0.19043.0 
[2024-08-16 17:55:03.0141][RagonServer][Info] Processors: 16 
[2024-08-16 17:55:03.0141][RagonServer][Info] Runtime Version: 8.0.8 
[2024-08-16 17:55:03.0141][RagonServer][Info] Server Tick Rate: 30 
[2024-08-16 17:55:13.6267][Relay][Info] Relay Application 
[2024-08-16 17:55:13.7041][RagonServer][Info] Server Version: 1.4.1 
[2024-08-16 17:55:13.7041][RagonServer][Info] Machine Name: KIMSANBAEV-K2 
[2024-08-16 17:55:13.7041][RagonServer][Info] OS: Microsoft Windows NT 10.0.19043.0 
[2024-08-16 17:55:13.7041][RagonServer][Info] Processors: 16 
[2024-08-16 17:55:13.7041][RagonServer][Info] Runtime Version: 8.0.8 
[2024-08-16 17:55:13.7041][RagonServer][Info] Server Tick Rate: 30 
[2024-08-16 17:55:13.7218][WebSocketServer][Info] Listen at http://127.0.0.1:8000/ 
[2024-08-16 17:55:13.7218][WebSocketServer][Info] Protocol: 1.0.0 
[2024-08-16 17:55:51.6913][Relay][Info] Relay Application 
[2024-08-16 17:55:51.7648][RagonServer][Info] Server Version: 1.4.1 
[2024-08-16 17:55:51.7648][RagonServer][Info] Machine Name: KIMSANBAEV-K2 
[2024-08-16 17:55:51.7648][RagonServer][Info] OS: Microsoft Windows NT 10.0.19043.0 
[2024-08-16 17:55:51.7648][RagonServer][Info] Processors: 16 
[2024-08-16 17:55:51.7648][RagonServer][Info] Runtime Version: 8.0.8 
[2024-08-16 17:55:51.7648][RagonServer][Info] Server Tick Rate: 30 
[2024-08-16 17:55:51.7823][WebSocketServer][Info] Listen at http://127.0.0.1:8000/ 
[2024-08-16 17:55:51.7823][WebSocketServer][Info] Protocol: 1.0.0 
