[2024-08-19 22:11:10.3587][Relay][Info] Relay Application 
[2024-08-19 22:11:15.6324][Relay][Info] Relay Application 
[2024-08-19 22:11:19.1129][Relay][Info] Relay Application 
[2024-08-19 22:11:32.9033][Relay][Info] Relay Application 
[2024-08-19 22:11:32.9795][RagonServer][Info] Server Version: 1.4.1 
[2024-08-19 22:11:32.9795][RagonServer][Info] Machine Name: KIMSANBAEV-K2 
[2024-08-19 22:11:32.9795][RagonServer][Info] OS: Microsoft Windows NT 10.0.19043.0 
[2024-08-19 22:11:32.9795][RagonServer][Info] Processors: 16 
[2024-08-19 22:11:32.9795][RagonServer][Info] Runtime Version: 8.0.8 
[2024-08-19 22:11:32.9795][RagonServer][Info] Server Tick Rate: 30 
[2024-08-19 22:11:32.9992][WebSocketServer][Info] Listen at http://127.0.0.1:8000/ 
[2024-08-19 22:11:32.9992][WebSocketServer][Info] Protocol: 1.0.0 
[2024-08-19 22:11:35.8688][Relay][Info] Relay Application 
[2024-08-19 22:12:06.3397][Relay][Info] Relay Application 
[2024-08-19 22:12:12.5153][Relay][Info] Relay Application 
[2024-08-19 22:12:15.7793][Relay][Info] Relay Application 
[2024-08-19 22:15:27.2336][Relay][Info] Relay Application 
[2024-08-19 22:31:16.6503][Relay][Info] Relay Application 
[2024-08-19 22:31:16.7230][RagonServer][Info] Server Version: 1.4.1 
[2024-08-19 22:31:16.7230][RagonServer][Info] Machine Name: KIMSANBAEV-K2 
[2024-08-19 22:31:16.7230][RagonServer][Info] OS: Microsoft Windows NT 10.0.19043.0 
[2024-08-19 22:31:16.7230][RagonServer][Info] Processors: 16 
[2024-08-19 22:31:16.7230][RagonServer][Info] Runtime Version: 8.0.8 
[2024-08-19 22:31:16.7230][RagonServer][Info] Server Tick Rate: 30 
[2024-08-19 22:31:16.7424][WebSocketServer][Info] Listen at http://127.0.0.1:8000/ 
[2024-08-19 22:31:16.7424][WebSocketServer][Info] Protocol: 1.0.0 
[2024-08-19 22:31:36.7564][Relay][Info] Relay Application 
[2024-08-19 22:31:36.8343][RagonServer][Info] Server Version: 1.4.1 
[2024-08-19 22:31:36.8343][RagonServer][Info] Machine Name: KIMSANBAEV-K2 
[2024-08-19 22:31:36.8343][RagonServer][Info] OS: Microsoft Windows NT 10.0.19043.0 
[2024-08-19 22:31:36.8343][RagonServer][Info] Processors: 16 
[2024-08-19 22:31:36.8343][RagonServer][Info] Runtime Version: 8.0.8 
[2024-08-19 22:31:36.8343][RagonServer][Info] Server Tick Rate: 30 
[2024-08-19 22:31:40.3528][Relay][Info] Relay Application 
[2024-08-19 22:31:40.4256][RagonServer][Info] Server Version: 1.4.1 
[2024-08-19 22:31:40.4256][RagonServer][Info] Machine Name: KIMSANBAEV-K2 
[2024-08-19 22:31:40.4256][RagonServer][Info] OS: Microsoft Windows NT 10.0.19043.0 
[2024-08-19 22:31:40.4256][RagonServer][Info] Processors: 16 
[2024-08-19 22:31:40.4256][RagonServer][Info] Runtime Version: 8.0.8 
[2024-08-19 22:31:40.4256][RagonServer][Info] Server Tick Rate: 30 
[2024-08-19 22:38:45.4461][Relay][Info] Relay Application 
[2024-08-19 22:38:45.5189][RagonServer][Info] Server Version: 1.4.1 
[2024-08-19 22:38:45.5189][RagonServer][Info] Machine Name: KIMSANBAEV-K2 
[2024-08-19 22:38:45.5189][RagonServer][Info] OS: Microsoft Windows NT 10.0.19043.0 
[2024-08-19 22:38:45.5189][RagonServer][Info] Processors: 16 
[2024-08-19 22:38:45.5189][RagonServer][Info] Runtime Version: 8.0.8 
[2024-08-19 22:38:45.5189][RagonServer][Info] Server Tick Rate: 30 
[2024-08-19 22:38:45.5373][WebSocketServer][Info] Listen at http://127.0.0.1:5000/ 
[2024-08-19 22:38:45.5373][WebSocketServer][Info] Protocol: 1.0.0 
[2024-08-19 22:41:22.6514][Relay][Info] Relay Application 
[2024-08-19 22:41:22.7282][RagonServer][Info] Server Version: 1.4.1 
[2024-08-19 22:41:22.7282][RagonServer][Info] Machine Name: KIMSANBAEV-K2 
[2024-08-19 22:41:22.7282][RagonServer][Info] OS: Microsoft Windows NT 10.0.19043.0 
[2024-08-19 22:41:22.7282][RagonServer][Info] Processors: 16 
[2024-08-19 22:41:22.7282][RagonServer][Info] Runtime Version: 8.0.8 
[2024-08-19 22:41:22.7282][RagonServer][Info] Server Tick Rate: 30 
[2024-08-19 22:41:22.7282][ENetServer][Info] Listen at 127.0.0.1:5000 
[2024-08-19 22:41:22.7282][ENetServer][Info] Protocol: 1.0.0 
[2024-08-19 22:41:34.1608][ENetServer][Warn] Mismatched protocol Server: 1.0.0 Client: 0.0.0, close connection 
[2024-08-19 22:42:01.2197][RagonServer][Trace] Connected: 0 
[2024-08-19 22:42:01.2260][AuthorizationOperation][Trace] Approved 0 as 74d01b46-e7da-40be-a358-8e0c0415e036|Player 786 
[2024-08-19 22:42:01.2427][LobbyInMemory][Trace] New room: e110c733-3432-4266-9634-69cb908a7a67 
[2024-08-19 22:42:01.2427][LobbyInMemory][Trace] Room: e110c733-3432-4266-9634-69cb908a7a67 Scene: RagonNetworkScene Players: 0 Entities: 0 
[2024-08-19 22:42:01.2427][RoomJoinOrCreateOperation][Trace] Player 0|Player 786 create room e110c733-3432-4266-9634-69cb908a7a67 with scene RagonNetworkScene 
[2024-08-19 22:42:01.2427][RoomJoinOrCreateOperation][Trace] 0|Player 786 joined to room e110c733-3432-4266-9634-69cb908a7a67 
[2024-08-19 22:42:01.2848][SceneLoadedOperation][Trace] Player 0|Player 786 loaded 
[2024-08-19 22:42:01.3136][SceneLoadedOperation][Warn] Player Player 786:0 already ready 
[2024-08-19 22:42:04.8047][LobbyInMemory][Trace] Room e110c733-3432-4266-9634-69cb908a7a67 removed 
[2024-08-19 22:42:04.8047][RagonServer][Trace] Disconnected: 0 
